<?xml version='1.0' encoding='UTF-8'?>
<testsuite hostname="localhost.localdomain" name="integration.IntegrationSpec" tests="2" errors="2" failures="0" time="6.995">
                     <properties>
[...]
</properties>
                     <testcase classname="integration.IntegrationSpec" name="Server should::start a pims instance" time="6.447">
                                                 <error message="Connection refused: localhost/127.0.0.1:8080" type="sbt.ForkMain$ForkError">sbt.ForkMain$ForkError: Connection refused: localhost/127.0.0.1:8080
	at com.ning.http.client.providers.netty.request.NettyConnectListener.onFutureFailure(NettyConnectListener.java:128)
	at com.ning.http.client.providers.netty.request.NettyConnectListener.operationComplete(NettyConnectListener.java:140)
	at org.jboss.netty.channel.DefaultChannelFuture.notifyListener(DefaultChannelFuture.java:409)
	at org.jboss.netty.channel.DefaultChannelFuture.notifyListeners(DefaultChannelFuture.java:400)
	at org.jboss.netty.channel.DefaultChannelFuture.setFailure(DefaultChannelFuture.java:362)
	at org.jboss.netty.channel.socket.nio.NioClientBoss.processSelectedKeys(NioClientBoss.java:109)
	at org.jboss.netty.channel.socket.nio.NioClientBoss.process(NioClientBoss.java:79)
	at org.jboss.netty.channel.socket.nio.AbstractNioSelector.run(AbstractNioSelector.java:337)
	at org.jboss.netty.channel.socket.nio.NioClientBoss.run(NioClientBoss.java:42)
	at org.jboss.netty.util.ThreadRenamingRunnable.run(ThreadRenamingRunnable.java:108)
	at org.jboss.netty.util.internal.DeadLockProofWorker$1.run(DeadLockProofWorker.java:42)
Caused by: sbt.ForkMain$ForkError: Connection refused: localhost/127.0.0.1:8080
	at sun.nio.ch.SocketChannelImpl.checkConnect(Native Method)
	at sun.nio.ch.SocketChannelImpl.finishConnect(SocketChannelImpl.java:712)
	at org.jboss.netty.channel.socket.nio.NioClientBoss.connect(NioClientBoss.java:152)
	at org.jboss.netty.channel.socket.nio.NioClientBoss.processSelectedKeys(NioClientBoss.java:105)
	... 5 more
</error>
                                               </testcase><testcase classname="integration.IntegrationSpec" name="Server should::create a box" time="0.548">
                                                 <error message="Connection refused: localhost/127.0.0.1:8080" type="sbt.ForkMain$ForkError">sbt.ForkMain$ForkError: Connection refused: localhost/127.0.0.1:8080
	at com.ning.http.client.providers.netty.request.NettyConnectListener.onFutureFailure(NettyConnectListener.java:128)
	at com.ning.http.client.providers.netty.request.NettyConnectListener.operationComplete(NettyConnectListener.java:140)
	at org.jboss.netty.channel.DefaultChannelFuture.notifyListener(DefaultChannelFuture.java:409)
	at org.jboss.netty.channel.DefaultChannelFuture.notifyListeners(DefaultChannelFuture.java:400)
	at org.jboss.netty.channel.DefaultChannelFuture.setFailure(DefaultChannelFuture.java:362)
	at org.jboss.netty.channel.socket.nio.NioClientBoss.processSelectedKeys(NioClientBoss.java:109)
	at org.jboss.netty.channel.socket.nio.NioClientBoss.process(NioClientBoss.java:79)
	at org.jboss.netty.channel.socket.nio.AbstractNioSelector.run(AbstractNioSelector.java:337)
	at org.jboss.netty.channel.socket.nio.NioClientBoss.run(NioClientBoss.java:42)
	at org.jboss.netty.util.ThreadRenamingRunnable.run(ThreadRenamingRunnable.java:108)
	at org.jboss.netty.util.internal.DeadLockProofWorker$1.run(DeadLockProofWorker.java:42)
Caused by: sbt.ForkMain$ForkError: Connection refused: localhost/127.0.0.1:8080
	at sun.nio.ch.SocketChannelImpl.checkConnect(Native Method)
	at sun.nio.ch.SocketChannelImpl.finishConnect(SocketChannelImpl.java:712)
	at org.jboss.netty.channel.socket.nio.NioClientBoss.connect(NioClientBoss.java:152)
	at org.jboss.netty.channel.socket.nio.NioClientBoss.processSelectedKeys(NioClientBoss.java:105)
	... 5 more
</error>
                                               </testcase>
                     <system-out></system-out>
                     <system-err></system-err>
                   </testsuite>